<?xml version="1.0" encoding="UTF-8"?>
<!-- Generated by org.testng.reporters.JUnitXMLReporter -->
<testsuite ignored="0" hostname="ASOLANOC-DH01" failures="0" tests="4" name="Default test" time="86.08" errors="0" timestamp="2023-02-03T13:16:51 GMT-04:00">
  <testcase classname="appium006.AppiumTest006" name="scrollUpDown" time="15.954"/>
  <testcase classname="appium006.Tests" name="testOne" time="20.348"/>
  <testcase classname="appium006.Tests" name="testTree" time="20.047"/>
  <testcase classname="appium006.Tests" name="testTwo" time="19.098"/>
</testsuite> <!-- Default test -->
