<?xml version="1.0" encoding="UTF-8"?>
<testng-results ignored="0" total="5" passed="5" failed="0" skipped="0">
  <reporter-output>
  </reporter-output>
  <suite started-at="2023-03-14T08:58:41 GMT-04:00" name="Default suite" finished-at="2023-03-14T08:59:27 GMT-04:00" duration-ms="46337">
    <groups>
    </groups>
    <test started-at="2023-03-14T08:58:41 GMT-04:00" name="Default test" finished-at="2023-03-14T08:59:27 GMT-04:00" duration-ms="46337">
      <class name="appium011.Tests">
        <test-method is-config="true" signature="setup()[pri:0, instance:appium011.Tests@436813f3]" started-at="2023-03-14T08:58:41 GMT-04:00" name="setup" finished-at="2023-03-14T08:58:53 GMT-04:00" duration-ms="12488" status="PASS">
          <reporter-output>
          </reporter-output>
        </test-method> <!-- setup -->
        <test-method signature="testFive()[pri:0, instance:appium011.Tests@436813f3]" started-at="2023-03-14T08:58:53 GMT-04:00" name="testFive" finished-at="2023-03-14T08:59:00 GMT-04:00" duration-ms="6797" status="PASS">
          <reporter-output>
          </reporter-output>
        </test-method> <!-- testFive -->
        <test-method signature="testFour()[pri:0, instance:appium011.Tests@436813f3]" started-at="2023-03-14T08:59:00 GMT-04:00" name="testFour" finished-at="2023-03-14T08:59:06 GMT-04:00" duration-ms="6400" status="PASS">
          <reporter-output>
          </reporter-output>
        </test-method> <!-- testFour -->
        <test-method signature="testOne()[pri:0, instance:appium011.Tests@436813f3]" started-at="2023-03-14T08:59:06 GMT-04:00" name="testOne" finished-at="2023-03-14T08:59:13 GMT-04:00" duration-ms="6354" status="PASS">
          <reporter-output>
          </reporter-output>
        </test-method> <!-- testOne -->
        <test-method signature="testThree()[pri:0, instance:appium011.Tests@436813f3]" started-at="2023-03-14T08:59:13 GMT-04:00" name="testThree" finished-at="2023-03-14T08:59:19 GMT-04:00" duration-ms="6606" status="PASS">
          <reporter-output>
          </reporter-output>
        </test-method> <!-- testThree -->
        <test-method signature="testTwo()[pri:0, instance:appium011.Tests@436813f3]" started-at="2023-03-14T08:59:19 GMT-04:00" name="testTwo" finished-at="2023-03-14T08:59:26 GMT-04:00" duration-ms="6266" status="PASS">
          <reporter-output>
          </reporter-output>
        </test-method> <!-- testTwo -->
        <test-method is-config="true" signature="teardown()[pri:0, instance:appium011.Tests@436813f3]" started-at="2023-03-14T08:59:26 GMT-04:00" name="teardown" finished-at="2023-03-14T08:59:27 GMT-04:00" duration-ms="1365" status="PASS">
          <reporter-output>
          </reporter-output>
        </test-method> <!-- teardown -->
      </class> <!-- appium011.Tests -->
    </test> <!-- Default test -->
  </suite> <!-- Default suite -->
</testng-results>
