<?xml version="1.0" encoding="UTF-8"?>
<!-- Generated by org.testng.reporters.JUnitXMLReporter -->
<testsuite ignored="0" hostname="ASOLANOC-DH01" failures="0" tests="5" name="Default test" time="46.337" errors="0" timestamp="2023-03-14T08:59:27 GMT-04:00">
  <testcase classname="appium011.Tests" name="testFive" time="6.797"/>
  <testcase classname="appium011.Tests" name="testFour" time="6.4"/>
  <testcase classname="appium011.Tests" name="testOne" time="6.354"/>
  <testcase classname="appium011.Tests" name="testThree" time="6.606"/>
  <testcase classname="appium011.Tests" name="testTwo" time="6.266"/>
</testsuite> <!-- Default test -->
