<?xml version="1.0" encoding="UTF-8"?>
<testng-results ignored="0" total="1" passed="1" failed="0" skipped="0">
  <reporter-output>
  </reporter-output>
  <suite started-at="2023-02-13T10:53:21 GMT-04:00" name="Default suite" finished-at="2023-02-13T10:54:11 GMT-04:00" duration-ms="49980">
    <groups>
    </groups>
    <test started-at="2023-02-13T10:53:21 GMT-04:00" name="Default test" finished-at="2023-02-13T10:54:11 GMT-04:00" duration-ms="49980">
      <class name="appium007.Tests">
        <test-method is-config="true" signature="setup()[pri:0, instance:appium007.Tests@1d2adfbe]" started-at="2023-02-13T10:53:21 GMT-04:00" name="setup" finished-at="2023-02-13T10:53:30 GMT-04:00" duration-ms="9068" status="PASS">
          <reporter-output>
          </reporter-output>
        </test-method> <!-- setup -->
        <test-method signature="testTwelve()[pri:0, instance:appium007.Tests@1d2adfbe]" started-at="2023-02-13T10:53:30 GMT-04:00" name="testTwelve" finished-at="2023-02-13T10:54:10 GMT-04:00" duration-ms="39895" status="PASS">
          <reporter-output>
          </reporter-output>
        </test-method> <!-- testTwelve -->
        <test-method is-config="true" signature="teardown()[pri:0, instance:appium007.Tests@1d2adfbe]" started-at="2023-02-13T10:54:10 GMT-04:00" name="teardown" finished-at="2023-02-13T10:54:11 GMT-04:00" duration-ms="979" status="PASS">
          <reporter-output>
          </reporter-output>
        </test-method> <!-- teardown -->
      </class> <!-- appium007.Tests -->
    </test> <!-- Default test -->
  </suite> <!-- Default suite -->
</testng-results>
