<?xml version="1.0" encoding="UTF-8"?>
<testng-results ignored="0" total="3" passed="2" failed="1" skipped="0">
  <reporter-output>
  </reporter-output>
  <suite started-at="2023-02-01T15:03:08 GMT-04:00" name="Default suite" finished-at="2023-02-01T15:06:38 GMT-04:00" duration-ms="210119">
    <groups>
    </groups>
    <test started-at="2023-02-01T15:03:08 GMT-04:00" name="Default test" finished-at="2023-02-01T15:06:38 GMT-04:00" duration-ms="210119">
      <class name="appium004.Tests">
        <test-method is-config="true" signature="setup()[pri:0, instance:appium004.Tests@5fdcaa40]" started-at="2023-02-01T15:03:08 GMT-04:00" name="setup" finished-at="2023-02-01T15:03:39 GMT-04:00" duration-ms="31523" status="PASS">
          <reporter-output>
          </reporter-output>
        </test-method> <!-- setup -->
        <test-method signature="sampleTest()[pri:0, instance:appium004.Tests@5fdcaa40]" started-at="2023-02-01T15:03:39 GMT-04:00" name="sampleTest" finished-at="2023-02-01T15:04:58 GMT-04:00" duration-ms="78461" status="PASS">
          <reporter-output>
          </reporter-output>
        </test-method> <!-- sampleTest -->
        <test-method signature="testOne()[pri:0, instance:appium004.Tests@5fdcaa40]" started-at="2023-02-01T15:04:58 GMT-04:00" name="testOne" finished-at="2023-02-01T15:05:50 GMT-04:00" duration-ms="52445" status="FAIL">
          <exception class="org.openqa.selenium.NoSuchElementException">
            <message>
              <![CDATA[no such element: Unable to locate element: {"method":"link text","selector":"Al suroeste de Bolivia, en el departamento de Potosí, se encuentra el salar de Uyuni, un desierto salino tan amplio que puede verse desde el espacio. Caminar en medio de la nada. A veces sobre un suelo pálido e interminable, a veces sobre las nubes. El bl..."}
  (Session info: chrome=91.0.4472.114)
For documentation on this error, please visit: https://selenium.dev/exceptions/#no_such_element
Build info: version: '4.8.0', revision: '267030adea'
System info: os.name: 'Windows 10', os.arch: 'amd64', os.version: '10.0', java.version: '19.0.2'
Driver info: io.appium.java_client.android.AndroidDriver
Command: [d17b47c5-c693-4da9-9973-04c19987898d, findElement {using=link text, value=Al suroeste de Bolivia, en el departamento de Potosí, se encuentra el salar de Uyuni, un desierto salino tan amplio que puede verse desde el espacio. Caminar en medio de la nada. A veces sobre un suelo pálido e interminable, a veces sobre las nubes. El bl...}]
Capabilities {appium:UDID: emulator-5554, appium:appActivity: com.google.android.apps.chr..., appium:appPackage: com.android.chrome, appium:automationName: Appium, appium:chromedriverExecutable: C:\platform-tools\chromedri..., appium:databaseEnabled: false, appium:desired: {UDID: emulator-5554, automationName: Appium, browserName: Chrome, chromedriverExecutable: C:\platform-tools\chromedri..., deviceName: sdk_gphone64_x86_64, platformName: android, platformVersion: 12.0}, appium:deviceApiLevel: 31, appium:deviceManufacturer: Google, appium:deviceModel: sdk_gphone64_x86_64, appium:deviceName: emulator-5554, appium:deviceScreenDensity: 560, appium:deviceScreenSize: 1440x2560, appium:deviceUDID: emulator-5554, appium:javascriptEnabled: true, appium:locationContextEnabled: false, appium:networkConnectionEnabled: true, appium:pixelRatio: 3.5, appium:platformVersion: 12, appium:statBarHeight: 84, appium:takesScreenshot: true, appium:viewportRect: {height: 2308, left: 0, top: 84, width: 1440}, appium:warnings: {}, appium:webStorageEnabled: false, browserName: Chrome, platformName: ANDROID}
Session ID: d17b47c5-c693-4da9-9973-04c19987898d]]>
            </message>
            <full-stacktrace>
              <![CDATA[org.openqa.selenium.NoSuchElementException: no such element: Unable to locate element: {"method":"link text","selector":"Al suroeste de Bolivia, en el departamento de Potosí, se encuentra el salar de Uyuni, un desierto salino tan amplio que puede verse desde el espacio. Caminar en medio de la nada. A veces sobre un suelo pálido e interminable, a veces sobre las nubes. El bl..."}
  (Session info: chrome=91.0.4472.114)
For documentation on this error, please visit: https://selenium.dev/exceptions/#no_such_element
Build info: version: '4.8.0', revision: '267030adea'
System info: os.name: 'Windows 10', os.arch: 'amd64', os.version: '10.0', java.version: '19.0.2'
Driver info: io.appium.java_client.android.AndroidDriver
Command: [d17b47c5-c693-4da9-9973-04c19987898d, findElement {using=link text, value=Al suroeste de Bolivia, en el departamento de Potosí, se encuentra el salar de Uyuni, un desierto salino tan amplio que puede verse desde el espacio. Caminar en medio de la nada. A veces sobre un suelo pálido e interminable, a veces sobre las nubes. El bl...}]
Capabilities {appium:UDID: emulator-5554, appium:appActivity: com.google.android.apps.chr..., appium:appPackage: com.android.chrome, appium:automationName: Appium, appium:chromedriverExecutable: C:\platform-tools\chromedri..., appium:databaseEnabled: false, appium:desired: {UDID: emulator-5554, automationName: Appium, browserName: Chrome, chromedriverExecutable: C:\platform-tools\chromedri..., deviceName: sdk_gphone64_x86_64, platformName: android, platformVersion: 12.0}, appium:deviceApiLevel: 31, appium:deviceManufacturer: Google, appium:deviceModel: sdk_gphone64_x86_64, appium:deviceName: emulator-5554, appium:deviceScreenDensity: 560, appium:deviceScreenSize: 1440x2560, appium:deviceUDID: emulator-5554, appium:javascriptEnabled: true, appium:locationContextEnabled: false, appium:networkConnectionEnabled: true, appium:pixelRatio: 3.5, appium:platformVersion: 12, appium:statBarHeight: 84, appium:takesScreenshot: true, appium:viewportRect: {height: 2308, left: 0, top: 84, width: 1440}, appium:warnings: {}, appium:webStorageEnabled: false, browserName: Chrome, platformName: ANDROID}
Session ID: d17b47c5-c693-4da9-9973-04c19987898d
at java.base/jdk.internal.reflect.DirectConstructorHandleAccessor.newInstance(DirectConstructorHandleAccessor.java:67)
at java.base/java.lang.reflect.Constructor.newInstanceWithCaller(Constructor.java:500)
at java.base/java.lang.reflect.Constructor.newInstance(Constructor.java:484)
at org.openqa.selenium.remote.codec.w3c.W3CHttpResponseCodec.createException(W3CHttpResponseCodec.java:200)
at org.openqa.selenium.remote.codec.w3c.W3CHttpResponseCodec.decode(W3CHttpResponseCodec.java:133)
at org.openqa.selenium.remote.codec.w3c.W3CHttpResponseCodec.decode(W3CHttpResponseCodec.java:53)
at org.openqa.selenium.remote.HttpCommandExecutor.execute(HttpCommandExecutor.java:184)
at io.appium.java_client.remote.AppiumCommandExecutor.execute(AppiumCommandExecutor.java:262)
at org.openqa.selenium.remote.RemoteWebDriver.execute(RemoteWebDriver.java:543)
at org.openqa.selenium.remote.ElementLocation$ElementFinder$2.findElement(ElementLocation.java:162)
at org.openqa.selenium.remote.ElementLocation.findElement(ElementLocation.java:60)
at org.openqa.selenium.remote.RemoteWebDriver.findElement(RemoteWebDriver.java:352)
at org.openqa.selenium.remote.RemoteWebDriver.findElement(RemoteWebDriver.java:344)
at appium004.Tests.testOne(Tests.java:21)
at java.base/jdk.internal.reflect.DirectMethodHandleAccessor.invoke(DirectMethodHandleAccessor.java:104)
at java.base/java.lang.reflect.Method.invoke(Method.java:578)
at org.testng.internal.MethodInvocationHelper.invokeMethod(MethodInvocationHelper.java:133)
at org.testng.internal.TestInvoker.invokeMethod(TestInvoker.java:598)
at org.testng.internal.TestInvoker.invokeTestMethod(TestInvoker.java:173)
at org.testng.internal.MethodRunner.runInSequence(MethodRunner.java:46)
at org.testng.internal.TestInvoker$MethodInvocationAgent.invoke(TestInvoker.java:824)
at org.testng.internal.TestInvoker.invokeTestMethods(TestInvoker.java:146)
at org.testng.internal.TestMethodWorker.invokeTestMethods(TestMethodWorker.java:146)
at org.testng.internal.TestMethodWorker.run(TestMethodWorker.java:128)
at java.base/java.util.ArrayList.forEach(ArrayList.java:1511)
at org.testng.TestRunner.privateRun(TestRunner.java:794)
at org.testng.TestRunner.run(TestRunner.java:596)
at org.testng.SuiteRunner.runTest(SuiteRunner.java:377)
at org.testng.SuiteRunner.runSequentially(SuiteRunner.java:371)
at org.testng.SuiteRunner.privateRun(SuiteRunner.java:332)
at org.testng.SuiteRunner.run(SuiteRunner.java:276)
at org.testng.SuiteRunnerWorker.runSuite(SuiteRunnerWorker.java:53)
at org.testng.SuiteRunnerWorker.run(SuiteRunnerWorker.java:96)
at org.testng.TestNG.runSuitesSequentially(TestNG.java:1212)
at org.testng.TestNG.runSuitesLocally(TestNG.java:1134)
at org.testng.TestNG.runSuites(TestNG.java:1063)
at org.testng.TestNG.run(TestNG.java:1031)
at org.testng.remote.AbstractRemoteTestNG.run(AbstractRemoteTestNG.java:115)
at org.testng.remote.RemoteTestNG.initAndRun(RemoteTestNG.java:251)
at org.testng.remote.RemoteTestNG.main(RemoteTestNG.java:77)
]]>
            </full-stacktrace>
          </exception> <!-- org.openqa.selenium.NoSuchElementException -->
          <reporter-output>
          </reporter-output>
        </test-method> <!-- testOne -->
        <test-method signature="testTwo()[pri:0, instance:appium004.Tests@5fdcaa40]" started-at="2023-02-01T15:05:50 GMT-04:00" name="testTwo" finished-at="2023-02-01T15:06:36 GMT-04:00" duration-ms="45582" status="PASS">
          <reporter-output>
          </reporter-output>
        </test-method> <!-- testTwo -->
        <test-method is-config="true" signature="teardown()[pri:0, instance:appium004.Tests@5fdcaa40]" started-at="2023-02-01T15:06:36 GMT-04:00" name="teardown" finished-at="2023-02-01T15:06:38 GMT-04:00" duration-ms="2055" status="PASS">
          <reporter-output>
          </reporter-output>
        </test-method> <!-- teardown -->
      </class> <!-- appium004.Tests -->
    </test> <!-- Default test -->
  </suite> <!-- Default suite -->
</testng-results>
