<?xml version="1.0" encoding="UTF-8"?>
<testng-results ignored="0" total="2" passed="2" failed="0" skipped="0">
  <reporter-output>
  </reporter-output>
  <suite started-at="2023-02-20T10:00:21 GMT-04:00" name="Default suite" finished-at="2023-02-20T10:01:17 GMT-04:00" duration-ms="55941">
    <groups>
    </groups>
    <test started-at="2023-02-20T10:00:21 GMT-04:00" name="Default test" finished-at="2023-02-20T10:01:17 GMT-04:00" duration-ms="55941">
      <class name="appium009.Tests">
        <test-method is-config="true" signature="setup()[pri:0, instance:appium009.Tests@36902638]" started-at="2023-02-20T10:00:21 GMT-04:00" name="setup" finished-at="2023-02-20T10:00:36 GMT-04:00" duration-ms="14879" status="PASS">
          <reporter-output>
          </reporter-output>
        </test-method> <!-- setup -->
        <test-method signature="testOne()[pri:0, instance:appium009.Tests@36902638]" started-at="2023-02-20T10:00:36 GMT-04:00" name="testOne" finished-at="2023-02-20T10:00:56 GMT-04:00" duration-ms="20466" status="PASS">
          <reporter-output>
          </reporter-output>
        </test-method> <!-- testOne -->
        <test-method signature="testTwo()[pri:0, instance:appium009.Tests@36902638]" started-at="2023-02-20T10:00:56 GMT-04:00" name="testTwo" finished-at="2023-02-20T10:01:16 GMT-04:00" duration-ms="19289" status="PASS">
          <reporter-output>
          </reporter-output>
        </test-method> <!-- testTwo -->
        <test-method is-config="true" signature="teardown()[pri:0, instance:appium009.Tests@36902638]" started-at="2023-02-20T10:01:16 GMT-04:00" name="teardown" finished-at="2023-02-20T10:01:17 GMT-04:00" duration-ms="1257" status="PASS">
          <reporter-output>
          </reporter-output>
        </test-method> <!-- teardown -->
      </class> <!-- appium009.Tests -->
    </test> <!-- Default test -->
  </suite> <!-- Default suite -->
</testng-results>
