<?xml version="1.0" encoding="UTF-8"?>
<testng-results ignored="0" total="1" passed="1" failed="0" skipped="0">
  <reporter-output>
  </reporter-output>
  <suite started-at="2023-03-14T09:10:48 GMT-04:00" name="Default suite" finished-at="2023-03-14T09:12:54 GMT-04:00" duration-ms="125408">
    <groups>
    </groups>
    <test started-at="2023-03-14T09:10:48 GMT-04:00" name="Default test" finished-at="2023-03-14T09:12:54 GMT-04:00" duration-ms="125408">
      <class name="appium004.AppiumTest004">
        <test-method is-config="true" signature="setup()[pri:0, instance:appium004.AppiumTest004@1a451d4d]" started-at="2023-03-14T09:10:48 GMT-04:00" name="setup" finished-at="2023-03-14T09:11:40 GMT-04:00" duration-ms="51241" status="PASS">
          <reporter-output>
          </reporter-output>
        </test-method> <!-- setup -->
        <test-method signature="sampleTest()[pri:0, instance:appium004.AppiumTest004@1a451d4d]" started-at="2023-03-14T09:11:40 GMT-04:00" name="sampleTest" finished-at="2023-03-14T09:12:52 GMT-04:00" duration-ms="71823" status="PASS">
          <reporter-output>
          </reporter-output>
        </test-method> <!-- sampleTest -->
        <test-method is-config="true" signature="teardown()[pri:0, instance:appium004.AppiumTest004@1a451d4d]" started-at="2023-03-14T09:12:52 GMT-04:00" name="teardown" finished-at="2023-03-14T09:12:54 GMT-04:00" duration-ms="2272" status="PASS">
          <reporter-output>
          </reporter-output>
        </test-method> <!-- teardown -->
      </class> <!-- appium004.AppiumTest004 -->
    </test> <!-- Default test -->
  </suite> <!-- Default suite -->
</testng-results>
